21:17:33 **** Incremental Build of configuration Debug for project CHODE ****
make all 
Building file: ../main.cpp
Invoking: GCC C++ Compiler
g++ -O0 -g3 -Wall -c -fmessage-length=0 -MMD -MP -MF"main.d" -MT"main.d" -o "main.o" "../main.cpp"
../main.cpp: In function ‘int main()’:
../main.cpp:37:29: warning: comparison between signed and unsigned integer expressions [-Wsign-compare]
../main.cpp:42:29: warning: comparison between signed and unsigned integer expressions [-Wsign-compare]
../main.cpp:45:17: warning: array subscript has type ‘char’ [-Wchar-subscripts]
../main.cpp:46:30: warning: array subscript has type ‘char’ [-Wchar-subscripts]
../main.cpp:47:15: warning: array subscript has type ‘char’ [-Wchar-subscripts]
../main.cpp:54:18: warning: array subscript has type ‘char’ [-Wchar-subscripts]
../main.cpp:56:29: warning: comparison between signed and unsigned integer expressions [-Wsign-compare]
../main.cpp:61:21: warning: array subscript has type ‘char’ [-Wchar-subscripts]
Finished building: ../main.cpp
 
Building target: CHODE
Invoking: GCC C++ Linker
g++  -o "CHODE"  ./main.o   
Finished building target: CHODE
 

21:17:33 Build Finished (took 407ms)

